2020-06-13 13:57:57,507 - train - INFO - MaskedGraphDataLoader mode: train
	sampling_mode: 1
	batch_size: 128
	negative_size: 31
	expand_factor: 50
	cache_refresh_time: 64
	normalize_embed: True
2020-06-13 13:57:59,226 - train - INFO - MaskedGraphDataLoader mode: validation
	sampling_mode: 0
	batch_size: 128
	negative_size: 256
	expand_factor: 50
	cache_refresh_time: 100000000
	normalize_embed: True
2020-06-13 13:57:59,247 - train - INFO - TaxoExpan(
  (graph_propagate): PGAT(
    (gat_layers): ModuleList(
      (0): GATLayer(
        (fc): Linear(in_features=300, out_features=2000, bias=False)
        (feat_drop): Dropout(p=0.1, inplace=False)
        (attn_drop): Dropout(p=0.1, inplace=False)
        (leaky_relu): LeakyReLU(negative_slope=0.2)
      )
      (1): GATLayer(
        (fc): Linear(in_features=2050, out_features=500, bias=False)
        (feat_drop): Dropout(p=0.1, inplace=False)
        (attn_drop): Dropout(p=0.1, inplace=False)
        (leaky_relu): LeakyReLU(negative_slope=0.2)
      )
    )
    (prop_position_embeddings): ModuleList(
      (0): Embedding(3, 50)
      (1): Embedding(3, 50)
    )
  )
  (readout): WeightedMeanReadout(
    (position_weights): Embedding(3, 1)
  )
  (match): BIM(
    (W): Bilinear(in1_features=500, in2_features=250, out_features=1, bias=False)
  )
)
Trainable parameters: 1755303
2020-06-13 14:00:43,912 - trainer - INFO -     epoch          : 1
2020-06-13 14:00:43,913 - trainer - INFO -     loss           : 108.12109349437596
2020-06-13 14:00:43,913 - trainer - INFO -     val_macro_mr   : 4.206635199652776
2020-06-13 14:00:43,914 - trainer - INFO -     val_micro_mr   : 3.757527256146099
2020-06-13 14:00:43,914 - trainer - INFO -     val_hit_at_1   : 0.6605260368840401
2020-06-13 14:00:43,914 - trainer - INFO -     val_hit_at_3   : 0.8317274132222974
2020-06-13 14:00:43,914 - trainer - INFO -     val_mrr_scaled_10: 0.9561743597568751
2020-06-13 14:00:44,000 - trainer - INFO - Saving checkpoint: datadrive/models/TaxoExpan/0613_135755/checkpoint-epoch1.pth ...
2020-06-13 14:00:44,108 - trainer - INFO - Saving current best: model_best.pth ...
2020-06-13 14:03:27,305 - trainer - INFO -     epoch          : 2
2020-06-13 14:03:27,306 - trainer - INFO -     loss           : 63.955826444724174
2020-06-13 14:03:27,307 - trainer - INFO -     val_macro_mr   : 3.496105634093915
2020-06-13 14:03:27,307 - trainer - INFO -     val_micro_mr   : 3.2179987656142615
2020-06-13 14:03:27,307 - trainer - INFO -     val_hit_at_1   : 0.6562933036113676
2020-06-13 14:03:27,307 - trainer - INFO -     val_hit_at_3   : 0.8376133570849257
2020-06-13 14:03:27,307 - trainer - INFO -     val_mrr_scaled_10: 0.967323689280952
2020-06-13 14:03:27,402 - trainer - INFO - Saving checkpoint: datadrive/models/TaxoExpan/0613_135755/checkpoint-epoch2.pth ...
2020-06-13 14:03:27,485 - trainer - INFO - Saving current best: model_best.pth ...
2020-06-13 14:06:10,510 - trainer - INFO -     epoch          : 3
2020-06-13 14:06:10,511 - trainer - INFO -     loss           : 52.50094217123444
2020-06-13 14:06:10,511 - trainer - INFO -     val_macro_mr   : 3.090294053819444
2020-06-13 14:06:10,511 - trainer - INFO -     val_micro_mr   : 2.8737981007438025
2020-06-13 14:06:10,511 - trainer - INFO -     val_hit_at_1   : 0.7024992525838794
2020-06-13 14:06:10,512 - trainer - INFO -     val_hit_at_3   : 0.8691333560367219
2020-06-13 14:06:10,512 - trainer - INFO -     val_mrr_scaled_10: 0.9744092878597066
2020-06-13 14:06:10,599 - trainer - INFO - Saving checkpoint: datadrive/models/TaxoExpan/0613_135755/checkpoint-epoch3.pth ...
2020-06-13 14:06:10,694 - trainer - INFO - Saving current best: model_best.pth ...
